Virtual User Script started at : 2025-05-06 13:46:45
TruClient Replay (build 0013) for LoadRunner Professional 23.1.2, build 0251. OS: Windows 11, Browser: Chromium 117.0.5938.92, initialized on 2025/05/06 at 13:46:44 (1746519404.670s)

Running Vuser...
Starting iteration 1.
Notify: Transaction "A101_LaunchPage" started.
t=00002349ms: Step 1: Navigate to "https://blazedemo.com/" started    [MsgId: MMSG-205180]
t=00006302ms: Step 1: Navigate to https://blazedemo.com/ successfully completed with End Event "Document Loaded"    [MsgId: MMSG-205180]
Notify: Transaction "A101_LaunchPage" ended with a "Pass" status (Duration: 3.9610 Wasted Time: 0.1900).
t=00006310ms: Step 2: Wait 10 seconds started    [MsgId: MMSG-205180]
t=00016527ms: Step 2: Wait 10 seconds successfully completed with End Event "Action completed"    [MsgId: MMSG-205180]
Notify: Transaction "A102_FindFlight" started.
t=00017046ms: Step 3: Click on Find Flights button started    [MsgId: MMSG-205180]
t=00017772ms: Step 3: Click on Find Flights button successfully completed with End Event "Document Loaded"    [MsgId: MMSG-205180]
Notify: Transaction "A102_FindFlight" ended with a "Pass" status (Duration: 0.7320 Wasted Time: 0.1120).
t=00017775ms: Step 4: Wait 10 seconds started    [MsgId: MMSG-205180]
t=00027999ms: Step 4: Wait 10 seconds successfully completed with End Event "Action completed"    [MsgId: MMSG-205180]
Notify: Transaction "A103_ChooseFlight" started.
t=00028511ms: Step 5: Click on Choose This Flight button started    [MsgId: MMSG-205180]
t=00029267ms: Step 5: Click on Choose This Flight button successfully completed with End Event "Document Loaded"    [MsgId: MMSG-205180]
Notify: Transaction "A103_ChooseFlight" ended with a "Pass" status (Duration: 0.7590 Wasted Time: 0.1090).
t=00029269ms: Step 6: Wait 10 seconds started    [MsgId: MMSG-205180]
t=00039495ms: Step 6: Wait 10 seconds successfully completed with End Event "Action completed"    [MsgId: MMSG-205180]
Notify: Transaction "A104_PurchaseFlight" started.
t=00040011ms: Step 7: Click on Purchase Flight button started    [MsgId: MMSG-205180]
t=00040950ms: Step 7: Click on Purchase Flight button successfully completed with End Event "Document Loaded"    [MsgId: MMSG-205180]
Notify: Transaction "A104_PurchaseFlight" ended with a "Pass" status (Duration: 0.9430 Wasted Time: 0.1080).
Ending iteration 1.
Ending Vuser...
Vuser Terminated.
